[0m17:34:33.956537 [debug] [MainThread]: Sending event: {'category': 'dbt', 'action': 'invocation', 'label': 'start', 'context': [<snowplow_tracker.self_describing_json.SelfDescribingJson object at 0x1099efb50>, <snowplow_tracker.self_describing_json.SelfDescribingJson object at 0x109ccec10>, <snowplow_tracker.self_describing_json.SelfDescribingJson object at 0x109ccf610>]}


============================== 17:34:33.966808 | c9189f25-8454-4fb2-8c56-7dbe74205718 ==============================
[0m17:34:33.966808 [info ] [MainThread]: Running with dbt=1.11.6
[0m17:34:33.968117 [debug] [MainThread]: running dbt with arguments {'no_print': 'None', 'empty': 'None', 'log_path': 'logs', 'static_parser': 'True', 'fail_fast': 'False', 'write_json': 'True', 'send_anonymous_usage_stats': 'True', 'indirect_selection': 'eager', 'version_check': 'True', 'invocation_command': 'dbt init', 'partial_parse': 'True', 'use_colors': 'True', 'debug': 'False', 'quiet': 'False', 'introspect': 'True', 'cache_selected_only': 'False', 'use_experimental_parser': 'False', 'warn_error': 'None', 'profiles_dir': '/Users/kelvinaliche/.dbt', 'log_cache_events': 'False', 'warn_error_options': 'WarnErrorOptionsV2(error=[], warn=[], silence=[])', 'log_format': 'default', 'target_path': 'None', 'printer_width': '80'}
[0m17:34:33.996360 [info ] [MainThread]: Creating dbt configuration folder at /Users/kelvinaliche/.dbt
[0m17:35:34.143799 [debug] [MainThread]: Starter project path: /Users/kelvinaliche/.pyenv/versions/project-env/lib/python3.11/site-packages/dbt/include/starter_project
[0m17:35:34.158564 [info ] [MainThread]: 
Your new dbt project "dtb_databricks_IAC" was created!

For more information on how to configure the profiles.yml file,
please consult the dbt documentation here:

  https://docs.getdbt.com/docs/configure-your-profile

One more thing:

Need help? Don't hesitate to reach out to us via GitHub issues or on Slack:

  https://community.getdbt.com/

Happy modeling!

[0m17:35:34.159307 [info ] [MainThread]: Setting up your profile.
[0m17:35:41.628364 [debug] [MainThread]: Spark adapter: Setting pyhive.hive logging to ERROR
[0m17:35:41.628956 [debug] [MainThread]: Spark adapter: Setting thrift.transport logging to ERROR
[0m17:35:41.629274 [debug] [MainThread]: Spark adapter: Setting thrift.protocol logging to ERROR
[0m17:39:15.182231 [info ] [MainThread]: Profile dtb_databricks_IAC written to /Users/kelvinaliche/.dbt/profiles.yml using target's profile_template.yml and your supplied values. Run 'dbt debug' to validate the connection.
[0m17:39:15.245183 [debug] [MainThread]: Resource report: {"command_name": "init", "command_success": true, "command_wall_clock_time": 281.47614, "process_in_blocks": "0", "process_kernel_time": 0.778391, "process_mem_max_rss": "148881408", "process_out_blocks": "0", "process_user_time": 2.838096}
[0m17:39:15.255422 [debug] [MainThread]: Command `dbt init` succeeded at 17:39:15.254818 after 281.49 seconds
[0m17:39:15.258357 [debug] [MainThread]: Sending event: {'category': 'dbt', 'action': 'invocation', 'label': 'end', 'context': [<snowplow_tracker.self_describing_json.SelfDescribingJson object at 0x10f7373d0>, <snowplow_tracker.self_describing_json.SelfDescribingJson object at 0x10f7fbd50>, <snowplow_tracker.self_describing_json.SelfDescribingJson object at 0x104611350>]}
[0m17:39:15.259606 [debug] [MainThread]: Flushing usage events
[0m17:39:15.905447 [debug] [MainThread]: An error was encountered while trying to flush usage events
[0m17:46:53.412011 [debug] [MainThread]: Sending event: {'category': 'dbt', 'action': 'invocation', 'label': 'start', 'context': [<snowplow_tracker.self_describing_json.SelfDescribingJson object at 0x1079083d0>, <snowplow_tracker.self_describing_json.SelfDescribingJson object at 0x11d684110>, <snowplow_tracker.self_describing_json.SelfDescribingJson object at 0x11d6d3fd0>]}


============================== 17:46:53.418248 | 43721d45-0a0c-40ad-b643-50d9b0d244a2 ==============================
[0m17:46:53.418248 [info ] [MainThread]: Running with dbt=1.11.6
[0m17:46:53.418830 [debug] [MainThread]: running dbt with arguments {'quiet': 'False', 'cache_selected_only': 'False', 'use_colors': 'True', 'fail_fast': 'False', 'introspect': 'True', 'static_parser': 'True', 'partial_parse': 'True', 'warn_error_options': 'WarnErrorOptionsV2(error=[], warn=[], silence=[])', 'warn_error': 'None', 'printer_width': '80', 'use_experimental_parser': 'False', 'write_json': 'True', 'log_cache_events': 'False', 'version_check': 'True', 'debug': 'False', 'profiles_dir': '/Users/kelvinaliche/.dbt', 'indirect_selection': 'eager', 'send_anonymous_usage_stats': 'True', 'log_path': 'logs', 'log_format': 'default', 'invocation_command': 'dbt debug', 'target_path': 'None', 'no_print': 'None', 'empty': 'None'}
[0m17:46:53.435424 [info ] [MainThread]: dbt version: 1.11.6
[0m17:46:53.435931 [info ] [MainThread]: python version: 3.11.9
[0m17:46:53.436253 [info ] [MainThread]: python path: /Users/kelvinaliche/.pyenv/versions/project-env/bin/python
[0m17:46:53.436523 [info ] [MainThread]: os info: macOS-15.1.1-arm64-arm-64bit
[0m17:46:54.219004 [debug] [MainThread]: Spark adapter: Setting pyhive.hive logging to ERROR
[0m17:46:54.219526 [debug] [MainThread]: Spark adapter: Setting thrift.transport logging to ERROR
[0m17:46:54.219806 [debug] [MainThread]: Spark adapter: Setting thrift.protocol logging to ERROR
[0m17:46:55.098290 [info ] [MainThread]: Using profiles dir at /Users/kelvinaliche/.dbt
[0m17:46:55.098893 [info ] [MainThread]: Using profiles.yml file at /Users/kelvinaliche/.dbt/profiles.yml
[0m17:46:55.099464 [info ] [MainThread]: Using dbt_project.yml file at /Users/kelvinaliche/Desktop/Projects/game-data/dbt_project.yml
[0m17:46:55.100135 [info ] [MainThread]: adapter type: databricks
[0m17:46:55.100431 [info ] [MainThread]: adapter version: 1.11.6
[0m17:46:55.100693 [info ] [MainThread]: Configuration:
[0m17:46:55.100922 [info ] [MainThread]:   profiles.yml file [[32mOK found and valid[0m]
[0m17:46:55.101144 [info ] [MainThread]:   dbt_project.yml file [[31mERROR not found[0m]
[0m17:46:55.101364 [info ] [MainThread]: Required dependencies:
[0m17:46:55.101670 [debug] [MainThread]: Executing "git --help"
[0m17:46:55.130011 [debug] [MainThread]: STDOUT: "b"usage: git [-v | --version] [-h | --help] [-C <path>] [-c <name>=<value>]\n           [--exec-path[=<path>]] [--html-path] [--man-path] [--info-path]\n           [-p | --paginate | -P | --no-pager] [--no-replace-objects] [--bare]\n           [--git-dir=<path>] [--work-tree=<path>] [--namespace=<name>]\n           [--config-env=<name>=<envvar>] <command> [<args>]\n\nThese are common Git commands used in various situations:\n\nstart a working area (see also: git help tutorial)\n   clone     Clone a repository into a new directory\n   init      Create an empty Git repository or reinitialize an existing one\n\nwork on the current change (see also: git help everyday)\n   add       Add file contents to the index\n   mv        Move or rename a file, a directory, or a symlink\n   restore   Restore working tree files\n   rm        Remove files from the working tree and from the index\n\nexamine the history and state (see also: git help revisions)\n   bisect    Use binary search to find the commit that introduced a bug\n   diff      Show changes between commits, commit and working tree, etc\n   grep      Print lines matching a pattern\n   log       Show commit logs\n   show      Show various types of objects\n   status    Show the working tree status\n\ngrow, mark and tweak your common history\n   branch    List, create, or delete branches\n   commit    Record changes to the repository\n   merge     Join two or more development histories together\n   rebase    Reapply commits on top of another base tip\n   reset     Reset current HEAD to the specified state\n   switch    Switch branches\n   tag       Create, list, delete or verify a tag object signed with GPG\n\ncollaborate (see also: git help workflows)\n   fetch     Download objects and refs from another repository\n   pull      Fetch from and integrate with another repository or a local branch\n   push      Update remote refs along with associated objects\n\n'git help -a' and 'git help -g' list available subcommands and some\nconcept guides. See 'git help <command>' or 'git help <concept>'\nto read about a specific subcommand or concept.\nSee 'git help git' for an overview of the system.\n""
[0m17:46:55.130915 [debug] [MainThread]: STDERR: "b''"
[0m17:46:55.131266 [info ] [MainThread]:  - git [[32mOK found[0m]

[0m17:46:55.131582 [info ] [MainThread]: Connection:
[0m17:46:55.131923 [info ] [MainThread]:   host: dbc-a29a7e0f-5aef.cloud.databricks.com
[0m17:46:55.132176 [info ] [MainThread]:   http_path: /sql/1.0/warehouses/05307b4c85514246
[0m17:46:55.132413 [info ] [MainThread]:   catalog: workspace
[0m17:46:55.132653 [info ] [MainThread]:   schema: dbt_kaliche
[0m17:46:55.133237 [info ] [MainThread]: Registered adapter: databricks=1.11.6
[0m17:46:55.344607 [warn ] [MainThread]: [[33mWARNING[0m]: Use managed Iceberg tables when table_format is iceberg. When this flag is disabled, UniForm is used instead.
You may opt into the new behavior sooner by setting `flags.use_managed_iceberg` to `True` in `dbt_project.yml`.
Visit https://docs.getdbt.com/reference/global-configs/behavior-changes for more information.
[0m17:46:55.345325 [debug] [MainThread]: Sending event: {'category': 'dbt', 'action': 'BehaviorChangeEvent', 'label': '43721d45-0a0c-40ad-b643-50d9b0d244a2', 'context': [<snowplow_tracker.self_describing_json.SelfDescribingJson object at 0x12ec03610>]}
[0m17:46:55.345910 [debug] [MainThread]: Databricks adapter: DatabricksDBTConnection(session-id=None, name=debug) - Creating connection
[0m17:46:55.346185 [debug] [MainThread]: Acquiring new databricks connection 'debug'
[0m17:46:55.346447 [debug] [MainThread]: Using databricks connection "debug"
[0m17:46:55.346685 [debug] [MainThread]: On debug: select 1 as id
[0m17:46:55.346918 [debug] [MainThread]: Opening a new connection, currently in state init
[0m17:46:56.326869 [debug] [MainThread]: Databricks adapter: Connection(session-id=01f131c7-7546-1adb-b5b5-74717524bb9b) - Created
[0m17:47:14.149041 [debug] [MainThread]: SQL status: OK in 18.800 seconds
[0m17:47:14.152938 [debug] [MainThread]: Databricks adapter: Cursor(session-id=01f131c7-7546-1adb-b5b5-74717524bb9b, command-id=01f131c7-7580-110a-8a0c-30f7fae9c67e) - Closing
[0m17:47:14.548629 [debug] [MainThread]: On debug: Close
[0m17:47:14.549827 [debug] [MainThread]: Databricks adapter: Connection(session-id=01f131c7-7546-1adb-b5b5-74717524bb9b) - Closing
[0m17:47:14.753403 [info ] [MainThread]:   Connection test: [[32mOK connection ok[0m]

[0m17:47:14.754319 [info ] [MainThread]: [31m1 check failed:[0m
[0m17:47:14.754866 [info ] [MainThread]: Project loading failed for the following reason:
 project path </Users/kelvinaliche/Desktop/Projects/game-data/dbt_project.yml> not found

[0m17:47:14.759922 [debug] [MainThread]: Resource report: {"command_name": "debug", "command_success": false, "command_wall_clock_time": 21.433134, "process_in_blocks": "0", "process_kernel_time": 0.663814, "process_mem_max_rss": "233406464", "process_out_blocks": "0", "process_user_time": 2.711306}
[0m17:47:14.761349 [debug] [MainThread]: Command `dbt debug` failed at 17:47:14.761030 after 21.43 seconds
[0m17:47:14.762779 [debug] [MainThread]: Sending event: {'category': 'dbt', 'action': 'invocation', 'label': 'end', 'context': [<snowplow_tracker.self_describing_json.SelfDescribingJson object at 0x11d2ef510>, <snowplow_tracker.self_describing_json.SelfDescribingJson object at 0x11d2155d0>, <snowplow_tracker.self_describing_json.SelfDescribingJson object at 0x1050ad210>]}
[0m17:47:14.763627 [debug] [MainThread]: Flushing usage events
[0m17:47:15.349178 [debug] [MainThread]: An error was encountered while trying to flush usage events
[0m20:12:19.605532 [debug] [MainThread]: Sending event: {'category': 'dbt', 'action': 'invocation', 'label': 'start', 'context': [<snowplow_tracker.self_describing_json.SelfDescribingJson object at 0x10644aa90>, <snowplow_tracker.self_describing_json.SelfDescribingJson object at 0x1064d3590>, <snowplow_tracker.self_describing_json.SelfDescribingJson object at 0x1064d3f90>]}


============================== 20:12:19.610098 | 68f337e1-3593-49a2-8448-e35bfc208119 ==============================
[0m20:12:19.610098 [info ] [MainThread]: Running with dbt=1.11.6
[0m20:12:19.610659 [debug] [MainThread]: running dbt with arguments {'partial_parse': 'True', 'log_path': 'logs', 'printer_width': '80', 'profiles_dir': '/Users/kelvinaliche/.dbt', 'warn_error': 'None', 'log_cache_events': 'False', 'log_format': 'default', 'fail_fast': 'False', 'target_path': 'None', 'indirect_selection': 'eager', 'empty': 'None', 'use_colors': 'True', 'warn_error_options': 'WarnErrorOptionsV2(error=[], warn=[], silence=[])', 'write_json': 'True', 'version_check': 'True', 'send_anonymous_usage_stats': 'True', 'quiet': 'False', 'static_parser': 'True', 'no_print': 'None', 'debug': 'False', 'cache_selected_only': 'False', 'use_experimental_parser': 'False', 'introspect': 'True', 'invocation_command': 'dbt deps'}
[0m20:12:19.611468 [error] [MainThread]: Encountered an error:
Runtime Error
  No dbt_project.yml found at expected path /Users/kelvinaliche/Desktop/Projects/game-data/dbt_project.yml
  Verify that each entry within packages.yml (and their transitive dependencies) contains a file named dbt_project.yml
  
[0m20:12:19.613348 [debug] [MainThread]: Resource report: {"command_name": "deps", "command_success": false, "command_wall_clock_time": 0.08339575, "process_in_blocks": "0", "process_kernel_time": 0.249382, "process_mem_max_rss": "110411776", "process_out_blocks": "0", "process_user_time": 1.154853}
[0m20:12:19.613867 [debug] [MainThread]: Command `dbt deps` failed at 20:12:19.613729 after 0.08 seconds
[0m20:12:19.614258 [debug] [MainThread]: Sending event: {'category': 'dbt', 'action': 'invocation', 'label': 'end', 'context': [<snowplow_tracker.self_describing_json.SelfDescribingJson object at 0x104a67f10>, <snowplow_tracker.self_describing_json.SelfDescribingJson object at 0x100401150>, <snowplow_tracker.self_describing_json.SelfDescribingJson object at 0x104a78050>]}
[0m20:12:19.614634 [debug] [MainThread]: Flushing usage events
[0m20:12:20.214779 [debug] [MainThread]: An error was encountered while trying to flush usage events
[0m22:57:30.041731 [debug] [MainThread]: Sending event: {'category': 'dbt', 'action': 'invocation', 'label': 'start', 'context': [<snowplow_tracker.self_describing_json.SelfDescribingJson object at 0x10654ba50>, <snowplow_tracker.self_describing_json.SelfDescribingJson object at 0x10653ff90>, <snowplow_tracker.self_describing_json.SelfDescribingJson object at 0x1065c7f90>]}


============================== 22:57:30.046849 | 22c7a25a-a477-4f02-a903-e7db83eb4c4e ==============================
[0m22:57:30.046849 [info ] [MainThread]: Running with dbt=1.11.6
[0m22:57:30.047435 [debug] [MainThread]: running dbt with arguments {'indirect_selection': 'eager', 'no_print': 'None', 'partial_parse': 'True', 'warn_error': 'None', 'target_path': 'None', 'version_check': 'True', 'introspect': 'True', 'debug': 'False', 'profiles_dir': '/Users/kelvinaliche/.dbt', 'cache_selected_only': 'False', 'printer_width': '80', 'quiet': 'False', 'write_json': 'True', 'static_parser': 'True', 'warn_error_options': 'WarnErrorOptionsV2(error=[], warn=[], silence=[])', 'log_cache_events': 'False', 'use_experimental_parser': 'False', 'log_format': 'default', 'use_colors': 'True', 'empty': 'None', 'invocation_command': 'dbt test --select stg', 'fail_fast': 'False', 'send_anonymous_usage_stats': 'True', 'log_path': 'logs'}
[0m22:57:30.048064 [error] [MainThread]: Encountered an error:
Runtime Error
  No dbt_project.yml found at expected path /Users/kelvinaliche/Desktop/Projects/game-data/dbt_project.yml
  Verify that each entry within packages.yml (and their transitive dependencies) contains a file named dbt_project.yml
  
[0m22:57:30.054329 [debug] [MainThread]: Resource report: {"command_name": "test", "command_success": false, "command_wall_clock_time": 0.0923105, "process_in_blocks": "0", "process_kernel_time": 0.272734, "process_mem_max_rss": "110772224", "process_out_blocks": "0", "process_user_time": 1.155969}
[0m22:57:30.055016 [debug] [MainThread]: Command `dbt test` failed at 22:57:30.054910 after 0.09 seconds
[0m22:57:30.055435 [debug] [MainThread]: Sending event: {'category': 'dbt', 'action': 'invocation', 'label': 'end', 'context': [<snowplow_tracker.self_describing_json.SelfDescribingJson object at 0x10064d210>, <snowplow_tracker.self_describing_json.SelfDescribingJson object at 0x10064d650>, <snowplow_tracker.self_describing_json.SelfDescribingJson object at 0x10064d1d0>]}
[0m22:57:30.055824 [debug] [MainThread]: Flushing usage events
[0m22:57:30.683319 [debug] [MainThread]: An error was encountered while trying to flush usage events
